时间:2017-09-01 13:54:39----------------------------------------------------------------------
设备16出药16需要运行时间5600
时间:2017-09-01 14:13:12----------------------------------------------------------------------
设备15出药15需要运行时间5600
时间:2017-09-01 14:15:51----------------------------------------------------------------------
设备15出药15需要运行时间5600
时间:2017-09-01 14:16:27----------------------------------------------------------------------
设备16出药2需要运行时间3462
时间:2017-09-01 14:16:41----------------------------------------------------------------------
设备15出药15需要运行时间4600
时间:2017-09-01 14:51:58----------------------------------------------------------------------
[ERRORMESSAGE]:ORA-01036: 非法的变量名/编号

[INNEREXCEPTION]:
[SOURCE]:System.Data.OracleClient
[STACKTRACE]:   at System.Data.OracleClient.OracleConnection.CheckError(OciErrorHandle errorHandle, Int32 rc)
   at System.Data.OracleClient.OracleParameterBinding.Bind(OciStatementHandle statementHandle, NativeBuffer parameterBuffer, OracleConnection connection, Boolean& mustRelease, SafeHandle& handleToBind)
   at System.Data.OracleClient.OracleCommand.Execute(OciStatementHandle statementHandle, CommandBehavior behavior, Boolean needRowid, OciRowidDescriptor& rowidDescriptor, ArrayList& resultParameterOrdinals)
   at System.Data.OracleClient.OracleCommand.Execute(OciStatementHandle statementHandle, CommandBehavior behavior, ArrayList& resultParameterOrdinals)
   at System.Data.OracleClient.OracleCommand.ExecuteReader(CommandBehavior behavior)
   at System.Data.OracleClient.OracleCommand.ExecuteDbDataReader(CommandBehavior behavior)
   at System.Data.Common.DbCommand.System.Data.IDbCommand.ExecuteReader(CommandBehavior behavior)
   at System.Data.Common.DbDataAdapter.FillInternal(DataSet dataset, DataTable[] datatables, Int32 startRecord, Int32 maxRecords, String srcTable, IDbCommand command, CommandBehavior behavior)
   at System.Data.Common.DbDataAdapter.Fill(DataSet dataSet, Int32 startRecord, Int32 maxRecords, String srcTable, IDbCommand command, CommandBehavior behavior)
   at System.Data.Common.DbDataAdapter.Fill(DataSet dataSet)
   at HFSIFrameLib.COM.OracleHelper.GetDataSet(String sql, OracleParameter[] parameters) in E:\Work\智能药柜\CODE\AutoFrameSystem\HFSIFrameLib\COM\OracleHelper.cs:line 75

时间:2017-09-01 14:51:58----------------------------------------------------------------------
[ERRORMESSAGE]:ORA-01036: 非法的变量名/编号

[INNEREXCEPTION]:
[SOURCE]:System.Data.OracleClient
[STACKTRACE]:   at HFSIFrameLib.COM.OracleHelper.GetDataSet(String sql, OracleParameter[] parameters) in E:\Work\智能药柜\CODE\AutoFrameSystem\HFSIFrameLib\COM\OracleHelper.cs:line 82
   at HFSIFrameLib.COM.OracleHelper.GetDataTable(String sql, OracleParameter[] parameters) in E:\Work\智能药柜\CODE\AutoFrameSystem\HFSIFrameLib\COM\OracleHelper.cs:line 46

